<?xml version="1.0" encoding="UTF-8"?>
<!-- Generated by org.testng.reporters.JUnitXMLReporter -->
<testsuite hostname="dell-Inspiron-3542" ignored="0" tests="7" failures="0" timestamp="2019-02-14T19:05:09 IST" time="54.485" errors="0">
  <testcase name="selectCategoryandSearchitem" time="8.192" classname="AmazonSearch"/>
  <testcase name="pickResult" time="9.476" classname="AmazonSearch"/>
  <testcase name="getResultTitle" time="0.205" classname="AmazonSearch"/>
  <testcase name="getAuthorName" time="0.061" classname="AmazonSearch"/>
  <testcase name="getEditionwisePrice" time="0.189" classname="AmazonSearch"/>
  <testcase name="getAverageReview" time="0.14" classname="AmazonSearch"/>
  <testcase name="getStockAvailability" time="0.127" classname="AmazonSearch"/>
</testsuite>
